<?xml version="1.0" encoding="UTF-8"?>
<!-- Generated by org.testng.reporters.JUnitXMLReporter -->
<testsuite ignored="0" hostname="DESKTOP-93M8G1M" failures="0" tests="3" name="Default test" time="14.316" errors="0" timestamp="2022-03-16T15:52:31 ICT">
  <testcase classname="com.juaracoidng.restassured.Test02_CRUD" name="test01_post" time="12.118"/>
  <testcase classname="com.juaracoidng.restassured.Test02_CRUD" name="test02_update" time="1.11"/>
  <testcase classname="com.juaracoidng.restassured.Test02_CRUD" name="test03_delete" time="0.875"/>
</testsuite> <!-- Default test -->
